<results>

    <testcases file="../Webinject/examples/testcases.xml">

        <testcase id="1">
            <description1>SAMPLE TEST CASE - load WebInject dev page</description1>
            <description2>verify string 'Corey Goldberg' exists in response</description2>
            <verifypositive>Corey Goldberg</verifypositive>
            <verifypositive-success>true</verifypositive-success>
            <verifyresponsecode-success>true</verifyresponsecode-success>
            <verifyresponsecode-messages>Passed HTTP Response Code Verification (not in error range)</verifyresponsecode-messages>
            <success>true</success>
            <result-message>TEST CASE PASSED</result-message>
            <responsetime>0.806</responsetime>
        </testcase>

        <testcase id="2">
            <description1>SAMPLE [NEGATIVE] TEST CASE - load WebInject dev page</description1>
            <description2>verify string 'bogus string' does not exist in response</description2>
            <verifynegative>bogus string</verifynegative>
            <verifynegative-success>true</verifynegative-success>
            <verifyresponsecode-success>true</verifyresponsecode-success>
            <verifyresponsecode-messages>Passed HTTP Response Code Verification (not in error range)</verifyresponsecode-messages>
            <success>true</success>
            <result-message>TEST CASE PASSED</result-message>
            <responsetime>0.591</responsetime>
        </testcase>

        <testcase id="3">
            <description1>SAMPLE TEST CASE THAT FAILS - load bogus page</description1>
            <description2>case should fail with an HTTP 404 (not found) error</description2>
            <verifyresponsecode-success>false</verifyresponsecode-success>
            <verifyresponsecode-messages>Failed HTTP Response Code Verification (HTTP/1.1 404 Not Found)</verifyresponsecode-messages>
            <success>false</success>
            <result-message>TEST CASE FAILED</result-message>
            <success>true</success>
            <result-message>TEST CASE PASSED</result-message>
            <responsetime>0.301</responsetime>
        </testcase>

        <testcase id="4">
            <description1>SAMPLE TEST CASE THAT FAILS - valid page with bogus verification</description1>
            <description2>case should fail</description2>
            <verifypositive>I am a bogus string</verifypositive>
            <verifypositive-success>false</verifypositive-success>
            <verifyresponsecode-success>true</verifyresponsecode-success>
            <verifyresponsecode-messages>Passed HTTP Response Code Verification (not in error range)</verifyresponsecode-messages>
            <success>false</success>
            <result-message>TEST CASE FAILED</result-message>
            <success>true</success>
            <result-message>TEST CASE PASSED</result-message>
            <responsetime>0.601</responsetime>
        </testcase>

    </testcases>
    <testcases file="../Webinject/examples/testcases.xml">

        <testcase id="1">
            <description1>SAMPLE TEST CASE - load WebInject dev page</description1>
            <description2>verify string 'Corey Goldberg' exists in response</description2>
            <verifypositive>Corey Goldberg</verifypositive>
            <verifypositive-success>true</verifypositive-success>
            <verifyresponsecode-success>true</verifyresponsecode-success>
            <verifyresponsecode-messages>Passed HTTP Response Code Verification (not in error range)</verifyresponsecode-messages>
            <success>false</success>
            <result-message>TEST CASE FAILED</result-message>
            <success>true</success>
            <result-message>TEST CASE PASSED</result-message>
            <responsetime>0.575</responsetime>
        </testcase>

        <testcase id="2">
            <description1>SAMPLE [NEGATIVE] TEST CASE - load WebInject dev page</description1>
            <description2>verify string 'bogus string' does not exist in response</description2>
            <verifynegative>bogus string</verifynegative>
            <verifynegative-success>true</verifynegative-success>
            <verifyresponsecode-success>true</verifyresponsecode-success>
            <verifyresponsecode-messages>Passed HTTP Response Code Verification (not in error range)</verifyresponsecode-messages>
            <success>false</success>
            <result-message>TEST CASE FAILED</result-message>
            <success>true</success>
            <result-message>TEST CASE PASSED</result-message>
            <responsetime>0.577</responsetime>
        </testcase>

        <testcase id="3">
            <description1>SAMPLE TEST CASE THAT FAILS - load bogus page</description1>
            <description2>case should fail with an HTTP 404 (not found) error</description2>
            <verifyresponsecode-success>false</verifyresponsecode-success>
            <verifyresponsecode-messages>Failed HTTP Response Code Verification (HTTP/1.1 404 Not Found)</verifyresponsecode-messages>
            <success>false</success>
            <result-message>TEST CASE FAILED</result-message>
            <success>true</success>
            <result-message>TEST CASE PASSED</result-message>
            <responsetime>0.292</responsetime>
        </testcase>

        <testcase id="4">
            <description1>SAMPLE TEST CASE THAT FAILS - valid page with bogus verification</description1>
            <description2>case should fail</description2>
            <verifypositive>I am a bogus string</verifypositive>
            <verifypositive-success>false</verifypositive-success>
            <verifyresponsecode-success>true</verifyresponsecode-success>
            <verifyresponsecode-messages>Passed HTTP Response Code Verification (not in error range)</verifyresponsecode-messages>
            <success>false</success>
            <result-message>TEST CASE FAILED</result-message>
            <success>true</success>
            <result-message>TEST CASE PASSED</result-message>
            <responsetime>0.572</responsetime>
        </testcase>

    </testcases>
    <testcases file="../Webinject/examples/testcases.xml">

        <testcase id="1">
            <description1>SAMPLE TEST CASE - load WebInject dev page</description1>
            <description2>verify string 'Corey Goldberg' exists in response</description2>
            <verifypositive>Corey Goldberg</verifypositive>
            <verifypositive-success>true</verifypositive-success>
            <verifyresponsecode-success>true</verifyresponsecode-success>
            <verifyresponsecode-messages>Passed HTTP Response Code Verification (not in error range)</verifyresponsecode-messages>
            <success>false</success>
            <result-message>TEST CASE FAILED</result-message>
            <success>true</success>
            <result-message>TEST CASE PASSED</result-message>
            <responsetime>0.578</responsetime>
        </testcase>

        <testcase id="2">
            <description1>SAMPLE [NEGATIVE] TEST CASE - load WebInject dev page</description1>
            <description2>verify string 'bogus string' does not exist in response</description2>
            <verifynegative>bogus string</verifynegative>
            <verifynegative-success>true</verifynegative-success>
            <verifyresponsecode-success>true</verifyresponsecode-success>
            <verifyresponsecode-messages>Passed HTTP Response Code Verification (not in error range)</verifyresponsecode-messages>
            <success>false</success>
            <result-message>TEST CASE FAILED</result-message>
            <success>true</success>
            <result-message>TEST CASE PASSED</result-message>
            <responsetime>0.578</responsetime>
        </testcase>

        <testcase id="3">
            <description1>SAMPLE TEST CASE THAT FAILS - load bogus page</description1>
            <description2>case should fail with an HTTP 404 (not found) error</description2>
            <verifyresponsecode-success>false</verifyresponsecode-success>
            <verifyresponsecode-messages>Failed HTTP Response Code Verification (HTTP/1.1 404 Not Found)</verifyresponsecode-messages>
            <success>false</success>
            <result-message>TEST CASE FAILED</result-message>
            <success>true</success>
            <result-message>TEST CASE PASSED</result-message>
            <responsetime>0.295</responsetime>
        </testcase>

        <testcase id="4">
            <description1>SAMPLE TEST CASE THAT FAILS - valid page with bogus verification</description1>
            <description2>case should fail</description2>
            <verifypositive>I am a bogus string</verifypositive>
            <verifypositive-success>false</verifypositive-success>
            <verifyresponsecode-success>true</verifyresponsecode-success>
            <verifyresponsecode-messages>Passed HTTP Response Code Verification (not in error range)</verifyresponsecode-messages>
            <success>false</success>
            <result-message>TEST CASE FAILED</result-message>
            <success>true</success>
            <result-message>TEST CASE PASSED</result-message>
            <responsetime>0.58</responsetime>
        </testcase>

    </testcases>
    <testcases file="../Webinject/examples/testcases.xml">

        <testcase id="1">
            <description1>SAMPLE TEST CASE - load WebInject dev page</description1>
            <description2>verify string 'Corey Goldberg' exists in response</description2>
            <verifypositive>Corey Goldberg</verifypositive>
            <verifypositive-success>true</verifypositive-success>
            <verifyresponsecode-success>true</verifyresponsecode-success>
            <verifyresponsecode-messages>Passed HTTP Response Code Verification (not in error range)</verifyresponsecode-messages>
            <success>false</success>
            <result-message>TEST CASE FAILED</result-message>
            <success>true</success>
            <result-message>TEST CASE PASSED</result-message>
            <responsetime>0.579</responsetime>
        </testcase>

        <testcase id="2">
            <description1>SAMPLE [NEGATIVE] TEST CASE - load WebInject dev page</description1>
            <description2>verify string 'bogus string' does not exist in response</description2>
            <verifynegative>bogus string</verifynegative>
            <verifynegative-success>true</verifynegative-success>
            <verifyresponsecode-success>true</verifyresponsecode-success>
            <verifyresponsecode-messages>Passed HTTP Response Code Verification (not in error range)</verifyresponsecode-messages>
            <success>false</success>
            <result-message>TEST CASE FAILED</result-message>
            <success>true</success>
            <result-message>TEST CASE PASSED</result-message>
            <responsetime>0.575</responsetime>
        </testcase>

        <testcase id="3">
            <description1>SAMPLE TEST CASE THAT FAILS - load bogus page</description1>
            <description2>case should fail with an HTTP 404 (not found) error</description2>
            <verifyresponsecode-success>false</verifyresponsecode-success>
            <verifyresponsecode-messages>Failed HTTP Response Code Verification (HTTP/1.1 404 Not Found)</verifyresponsecode-messages>
            <success>false</success>
            <result-message>TEST CASE FAILED</result-message>
            <success>true</success>
            <result-message>TEST CASE PASSED</result-message>
            <responsetime>0.289</responsetime>
        </testcase>

        <testcase id="4">
            <description1>SAMPLE TEST CASE THAT FAILS - valid page with bogus verification</description1>
            <description2>case should fail</description2>
            <verifypositive>I am a bogus string</verifypositive>
            <verifypositive-success>false</verifypositive-success>
            <verifyresponsecode-success>true</verifyresponsecode-success>
            <verifyresponsecode-messages>Passed HTTP Response Code Verification (not in error range)</verifyresponsecode-messages>
            <success>false</success>
            <result-message>TEST CASE FAILED</result-message>
            <success>true</success>
            <result-message>TEST CASE PASSED</result-message>
            <responsetime>0.581</responsetime>
        </testcase>

    </testcases>
    <testcases file="../Webinject/examples/testcases.xml">

        <testcase id="1">
            <description1>SAMPLE TEST CASE - load WebInject dev page</description1>
            <description2>verify string 'Corey Goldberg' exists in response</description2>
            <verifypositive>Corey Goldberg</verifypositive>
            <verifypositive-success>true</verifypositive-success>
            <verifyresponsecode-success>true</verifyresponsecode-success>
            <verifyresponsecode-messages>Passed HTTP Response Code Verification (not in error range)</verifyresponsecode-messages>
            <success>false</success>
            <result-message>TEST CASE FAILED</result-message>
            <success>true</success>
            <result-message>TEST CASE PASSED</result-message>
            <responsetime>0.577</responsetime>
        </testcase>

        <testcase id="2">
            <description1>SAMPLE [NEGATIVE] TEST CASE - load WebInject dev page</description1>
            <description2>verify string 'bogus string' does not exist in response</description2>
            <verifynegative>bogus string</verifynegative>
            <verifynegative-success>true</verifynegative-success>
            <verifyresponsecode-success>true</verifyresponsecode-success>
            <verifyresponsecode-messages>Passed HTTP Response Code Verification (not in error range)</verifyresponsecode-messages>
            <success>false</success>
            <result-message>TEST CASE FAILED</result-message>
            <success>true</success>
            <result-message>TEST CASE PASSED</result-message>
            <responsetime>0.579</responsetime>
        </testcase>

        <testcase id="3">
            <description1>SAMPLE TEST CASE THAT FAILS - load bogus page</description1>
            <description2>case should fail with an HTTP 404 (not found) error</description2>
            <verifyresponsecode-success>false</verifyresponsecode-success>
            <verifyresponsecode-messages>Failed HTTP Response Code Verification (HTTP/1.1 404 Not Found)</verifyresponsecode-messages>
            <success>false</success>
            <result-message>TEST CASE FAILED</result-message>
            <success>true</success>
            <result-message>TEST CASE PASSED</result-message>
            <responsetime>0.291</responsetime>
        </testcase>

        <testcase id="4">
            <description1>SAMPLE TEST CASE THAT FAILS - valid page with bogus verification</description1>
            <description2>case should fail</description2>
            <verifypositive>I am a bogus string</verifypositive>
            <verifypositive-success>false</verifypositive-success>
            <verifyresponsecode-success>true</verifyresponsecode-success>
            <verifyresponsecode-messages>Passed HTTP Response Code Verification (not in error range)</verifyresponsecode-messages>
            <success>false</success>
            <result-message>TEST CASE FAILED</result-message>
            <success>true</success>
            <result-message>TEST CASE PASSED</result-message>
            <responsetime>0.575</responsetime>
        </testcase>

    </testcases>

    <test-summary>
        <start-time>Mon Jul 26 23:53:11 2010</start-time>
        <total-run-time>3.928</total-run-time>
        <test-cases-run>20</test-cases-run>
        <test-cases-passed>2</test-cases-passed>
        <test-cases-failed>18</test-cases-failed>
        <verifications-passed>25</verifications-passed>
        <verifications-failed>10</verifications-failed>
        <average-response-time>0.519</average-response-time>
        <max-response-time>0.806</max-response-time>
        <min-response-time>0.289</min-response-time>
    </test-summary>

</results>
